GMATWiz - Wednesday proof: clean-machine installer build
captured: Wed Jul  1 21:25:19 CDT 2026
HEAD: bea02fa3bd49cd3983f00dc63475b8354dcca0c1

=== ./ninja wheels:anki wheels:aqt ===
[1m[92m    Finished[0m `release` profile [optimized] target(s) in 0.50s
wheels:anki
wheels:aqt
wheels:anki
n2: ran 2 tasks, now up to date
[0m[1m[32m
Build succeeded in 3.04s.
[0m
=== ./ninja installer:package ===
[1m[92m    Finished[0m `release` profile [optimized] target(s) in 0.24s
installer:build
installer:package
n2: ran 2 tasks, now up to date
[0m[1m[32m
Build succeeded in 115.69s.
[0m
=== dist ===
total 458760
-rw-r--r--@ 1 akashchintakindi  staff   218M Jul  1 21:27 anki-26.05-mac-apple.dmg
